\BOOKMARK [1][-]{section.1}{Introduction}{}% 1
\BOOKMARK [1][-]{section.2}{Analytical calculations}{}% 2
\BOOKMARK [2][-]{subsection.2.1}{Differential motion equation}{section.2}% 3
\BOOKMARK [2][-]{subsection.2.2}{Equilibrium}{section.2}% 4
\BOOKMARK [2][-]{subsection.2.3}{Mechanical energy}{section.2}% 5
\BOOKMARK [2][-]{subsection.2.4}{Non conservative forces' power}{section.2}% 6
\BOOKMARK [2][-]{subsection.2.5}{Small oscillations around the stable solution of the equilibrium}{section.2}% 7
\BOOKMARK [1][-]{section.3}{C++ implementation}{}% 8
\BOOKMARK [2][-]{subsection.3.1}{St\370rmer-Verlet scheme}{section.3}% 9
\BOOKMARK [1][-]{section.4}{Simulation and results analysis}{}% 10
\BOOKMARK [2][-]{subsection.4.1}{Small oscillations around equilibrium : simple harmonic oscillator}{section.4}% 11
\BOOKMARK [2][-]{subsection.4.2}{Resonance with the exiting force}{section.4}% 12
\BOOKMARK [2][-]{subsection.4.3}{Large movements without damping nor excitation}{section.4}% 13
\BOOKMARK [2][-]{subsection.4.4}{Large movements without damping but with excitation}{section.4}% 14
\BOOKMARK [3][-]{subsubsection.4.4.1}{Mechanical energy theorem}{subsection.4.4}% 15
\BOOKMARK [3][-]{subsubsection.4.4.2}{Poincar\351 maps}{subsection.4.4}% 16
\BOOKMARK [3][-]{subsubsection.4.4.3}{Sensitivity to initial conditions}{subsection.4.4}% 17
\BOOKMARK [2][-]{subsection.4.5}{Large movements with damping and excitation}{section.4}% 18
\BOOKMARK [3][-]{subsubsection.4.5.1}{Mechanical energy theorem}{subsection.4.5}% 19
\BOOKMARK [3][-]{subsubsection.4.5.2}{Sensitivity to initial conditions : a step towards chaos}{subsection.4.5}% 20
\BOOKMARK [3][-]{subsubsection.4.5.3}{mah man Poincar\351 maps}{subsection.4.5}% 21
\BOOKMARK [3][-]{subsubsection.4.5.4}{Strange attractors}{subsection.4.5}% 22
\BOOKMARK [2][-]{subsection.4.6}{To go further...}{section.4}% 23
\BOOKMARK [1][-]{section.5}{Conclusion}{}% 24
